2020-10-08T11:27:04-03:00: POST 200 /security/login
2020-10-08T11:28:23-03:00: POST 200 /security/login
2020-10-08T11:28:23-03:00: GET 200 /secure/todo/find/user/timestamp/17
2020-10-08T11:28:38-03:00: POST 200 /secure/todo/create
2020-10-08T11:28:44-03:00: POST 200 /secure/todo/create
2020-10-08T11:28:51-03:00: POST 200 /secure/todo/create
2020-10-08T11:28:53-03:00: POST 200 /secure/todo/update/61
2020-10-08T11:28:53-03:00: POST 200 /secure/todo/update/60
2020-10-08T11:28:54-03:00: POST 200 /secure/todo/update/59
2020-10-08T11:28:55-03:00: GET 200 /secure/todo/delete/59
2020-10-08T11:28:56-03:00: GET 200 /secure/todo/delete/60
2020-10-08T11:28:57-03:00: GET 200 /secure/todo/delete/61
2020-10-08T11:34:58-03:00: POST 200 /security/login
2020-10-08T11:35:06-03:00: POST 200 /secure/todo/create
2020-10-08T11:35:07-03:00: POST 200 /secure/todo/update/65
2020-10-08T11:35:09-03:00: GET 200 /secure/todo/delete/65
2020-10-08T11:40:00-03:00: POST 200 /security/login
2020-10-08T11:40:00-03:00: GET 200 /secure/todo/find/user/timestamp/17
2020-10-08T11:47:48-03:00: POST 200 /security/login
2020-10-08T11:47:48-03:00: GET 200 /secure/todo/find/user/timestamp/17
2020-10-08T11:51:12-03:00: POST 200 /security/login
2020-10-08T11:51:12-03:00: GET 200 /secure/todo/find/user/timestamp/17
2020-10-08T11:55:49-03:00: POST 200 /security/login
2020-10-08T11:55:49-03:00: GET 200 /secure/todo/find/user/timestamp/17
2020-10-08T11:56:06-03:00: POST 200 /security/login
2020-10-08T11:56:06-03:00: GET 200 /secure/todo/find/user/timestamp/17
